2025-01-11 20:31:16,796 - GameScraper - ERROR - Error scraping tables: name 'requests' is not defined
2025-01-11 20:31:17,815 - GameScraper - ERROR - Error scraping tables: name 'requests' is not defined
2025-01-11 20:31:18,818 - GameScraper - ERROR - Error scraping tables: name 'requests' is not defined
2025-01-11 20:31:19,831 - GameScraper - ERROR - Error scraping tables: name 'requests' is not defined
2025-01-11 20:31:20,847 - GameScraper - ERROR - Error scraping tables: name 'requests' is not defined
2025-01-11 20:31:21,851 - GameScraper - ERROR - Error scraping tables: name 'requests' is not defined
2025-01-11 20:31:22,876 - GameScraper - ERROR - Error scraping tables: name 'requests' is not defined
2025-01-11 20:31:23,879 - GameScraper - ERROR - Error scraping tables: name 'requests' is not defined
2025-01-11 20:31:24,894 - GameScraper - ERROR - Error scraping tables: name 'requests' is not defined
2025-01-11 20:31:25,906 - GameScraper - ERROR - Error scraping tables: name 'requests' is not defined
2025-01-11 20:31:26,923 - GameScraper - ERROR - Error scraping tables: name 'requests' is not defined
2025-01-11 20:31:27,931 - GameScraper - ERROR - Error scraping tables: name 'requests' is not defined
2025-01-11 20:31:28,941 - GameScraper - ERROR - Error scraping tables: name 'requests' is not defined
2025-01-11 20:31:29,951 - GameScraper - ERROR - Error scraping tables: name 'requests' is not defined
2025-01-11 20:31:30,964 - GameScraper - ERROR - Error scraping tables: name 'requests' is not defined
2025-01-11 20:31:31,976 - GameScraper - ERROR - Error scraping tables: name 'requests' is not defined
2025-01-11 20:31:32,987 - GameScraper - ERROR - Error scraping tables: name 'requests' is not defined
2025-01-11 20:31:33,992 - GameScraper - ERROR - Error scraping tables: name 'requests' is not defined
2025-01-11 20:31:34,995 - GameScraper - ERROR - Error scraping tables: name 'requests' is not defined
2025-01-11 20:31:36,000 - GameScraper - ERROR - Error scraping tables: name 'requests' is not defined
2025-01-11 20:31:37,014 - GameScraper - ERROR - Error scraping tables: name 'requests' is not defined
2025-01-11 20:31:38,022 - GameScraper - ERROR - Error scraping tables: name 'requests' is not defined
2025-01-11 20:31:39,030 - GameScraper - ERROR - Error scraping tables: name 'requests' is not defined
2025-01-11 20:31:40,044 - GameScraper - ERROR - Error scraping tables: name 'requests' is not defined
2025-01-11 20:31:41,050 - GameScraper - ERROR - Error scraping tables: name 'requests' is not defined
2025-01-11 20:31:42,058 - GameScraper - ERROR - Error scraping tables: name 'requests' is not defined
2025-01-11 20:31:43,062 - GameScraper - ERROR - Error scraping tables: name 'requests' is not defined
2025-01-11 20:31:44,070 - GameScraper - ERROR - Error scraping tables: name 'requests' is not defined
2025-01-11 20:31:45,076 - GameScraper - ERROR - Error scraping tables: name 'requests' is not defined
2025-01-11 20:31:46,091 - GameScraper - ERROR - Error scraping tables: name 'requests' is not defined
2025-01-11 20:31:47,093 - GameScraper - ERROR - Error scraping tables: name 'requests' is not defined
2025-01-11 20:31:48,109 - GameScraper - ERROR - Error scraping tables: name 'requests' is not defined
2025-01-11 20:31:49,119 - GameScraper - ERROR - Error scraping tables: name 'requests' is not defined
2025-01-11 20:31:50,120 - GameScraper - ERROR - Error scraping tables: name 'requests' is not defined
2025-01-11 20:31:51,124 - GameScraper - ERROR - Error scraping tables: name 'requests' is not defined
2025-01-11 20:31:52,131 - GameScraper - ERROR - Error scraping tables: name 'requests' is not defined
2025-01-11 20:31:53,138 - GameScraper - ERROR - Error scraping tables: name 'requests' is not defined
2025-01-11 20:31:54,148 - GameScraper - ERROR - Error scraping tables: name 'requests' is not defined
2025-01-11 20:31:55,160 - GameScraper - ERROR - Error scraping tables: name 'requests' is not defined
2025-01-11 20:31:56,170 - GameScraper - ERROR - Error scraping tables: name 'requests' is not defined
2025-01-11 20:31:57,180 - GameScraper - ERROR - Error scraping tables: name 'requests' is not defined
2025-01-11 20:31:58,189 - GameScraper - ERROR - Error scraping tables: name 'requests' is not defined
2025-01-11 20:31:59,191 - GameScraper - ERROR - Error scraping tables: name 'requests' is not defined
2025-01-11 20:32:00,198 - GameScraper - ERROR - Error scraping tables: name 'requests' is not defined
2025-01-11 20:32:01,208 - GameScraper - ERROR - Error scraping tables: name 'requests' is not defined
2025-01-11 20:32:02,223 - GameScraper - ERROR - Error scraping tables: name 'requests' is not defined
2025-01-11 20:32:03,224 - GameScraper - ERROR - Error scraping tables: name 'requests' is not defined
2025-01-11 20:32:04,237 - GameScraper - ERROR - Error scraping tables: name 'requests' is not defined
2025-01-11 20:32:05,243 - GameScraper - ERROR - Error scraping tables: name 'requests' is not defined
2025-01-11 20:32:06,257 - GameScraper - ERROR - Error scraping tables: name 'requests' is not defined
2025-01-11 20:32:07,260 - GameScraper - ERROR - Error scraping tables: name 'requests' is not defined
2025-01-11 20:32:08,274 - GameScraper - ERROR - Error scraping tables: name 'requests' is not defined
2025-01-11 20:32:09,283 - GameScraper - ERROR - Error scraping tables: name 'requests' is not defined
2025-01-11 20:32:10,289 - GameScraper - ERROR - Error scraping tables: name 'requests' is not defined
2025-01-11 20:32:11,292 - GameScraper - ERROR - Error scraping tables: name 'requests' is not defined
2025-01-11 20:32:12,296 - GameScraper - ERROR - Error scraping tables: name 'requests' is not defined
2025-01-11 20:32:13,310 - GameScraper - ERROR - Error scraping tables: name 'requests' is not defined
2025-01-11 20:32:14,318 - GameScraper - ERROR - Error scraping tables: name 'requests' is not defined
2025-01-11 20:32:15,319 - GameScraper - ERROR - Error scraping tables: name 'requests' is not defined
2025-01-11 20:32:16,327 - GameScraper - ERROR - Error scraping tables: name 'requests' is not defined
2025-01-11 20:32:17,338 - GameScraper - ERROR - Error scraping tables: name 'requests' is not defined
2025-01-11 20:32:18,345 - GameScraper - ERROR - Error scraping tables: name 'requests' is not defined
2025-01-11 20:32:19,354 - GameScraper - ERROR - Error scraping tables: name 'requests' is not defined
2025-01-11 20:33:06,847 - GameScraper - ERROR - Error scraping tables: name 'requests' is not defined
2025-01-11 20:33:07,859 - GameScraper - ERROR - Error scraping tables: name 'requests' is not defined
2025-01-11 20:33:08,869 - GameScraper - ERROR - Error scraping tables: name 'requests' is not defined
2025-01-11 20:33:09,882 - GameScraper - ERROR - Error scraping tables: name 'requests' is not defined
2025-01-11 20:33:10,897 - GameScraper - ERROR - Error scraping tables: name 'requests' is not defined
2025-01-11 20:33:11,913 - GameScraper - ERROR - Error scraping tables: name 'requests' is not defined
2025-01-11 20:33:12,926 - GameScraper - ERROR - Error scraping tables: name 'requests' is not defined
2025-01-11 20:33:13,941 - GameScraper - ERROR - Error scraping tables: name 'requests' is not defined
2025-01-11 20:33:14,945 - GameScraper - ERROR - Error scraping tables: name 'requests' is not defined
2025-01-11 20:33:15,948 - GameScraper - ERROR - Error scraping tables: name 'requests' is not defined
2025-01-11 20:33:16,958 - GameScraper - ERROR - Error scraping tables: name 'requests' is not defined
2025-01-11 20:33:17,970 - GameScraper - ERROR - Error scraping tables: name 'requests' is not defined
2025-01-11 20:33:18,978 - GameScraper - ERROR - Error scraping tables: name 'requests' is not defined
2025-01-11 20:33:19,988 - GameScraper - ERROR - Error scraping tables: name 'requests' is not defined
2025-01-11 20:33:20,994 - GameScraper - ERROR - Error scraping tables: name 'requests' is not defined
2025-01-11 20:33:22,000 - GameScraper - ERROR - Error scraping tables: name 'requests' is not defined
2025-01-11 20:33:23,007 - GameScraper - ERROR - Error scraping tables: name 'requests' is not defined
2025-01-11 20:33:24,017 - GameScraper - ERROR - Error scraping tables: name 'requests' is not defined
2025-01-11 20:33:25,027 - GameScraper - ERROR - Error scraping tables: name 'requests' is not defined
2025-01-11 20:33:26,032 - GameScraper - ERROR - Error scraping tables: name 'requests' is not defined
2025-01-11 20:33:27,039 - GameScraper - ERROR - Error scraping tables: name 'requests' is not defined
2025-01-11 20:33:28,043 - GameScraper - ERROR - Error scraping tables: name 'requests' is not defined
2025-01-11 20:34:22,918 - GameScraper - ERROR - Error scraping tables: name 'requests' is not defined
2025-01-11 20:34:23,924 - GameScraper - ERROR - Error scraping tables: name 'requests' is not defined
2025-01-11 20:34:24,940 - GameScraper - ERROR - Error scraping tables: name 'requests' is not defined
2025-01-11 20:34:25,950 - GameScraper - ERROR - Error scraping tables: name 'requests' is not defined
2025-01-11 20:34:26,955 - GameScraper - ERROR - Error scraping tables: name 'requests' is not defined
2025-01-11 20:34:27,967 - GameScraper - ERROR - Error scraping tables: name 'requests' is not defined
2025-01-11 20:35:48,635 - GameScraper - ERROR - Error creating game vector: 'GameScraper' object has no attribute '_extract_scoring_info'
2025-01-11 20:35:49,968 - GameScraper - ERROR - Error creating game vector: 'GameScraper' object has no attribute '_extract_scoring_info'
2025-01-11 20:35:51,210 - GameScraper - ERROR - Error creating game vector: 'GameScraper' object has no attribute '_extract_scoring_info'
2025-01-11 20:35:52,431 - GameScraper - ERROR - Error creating game vector: 'GameScraper' object has no attribute '_extract_scoring_info'
2025-01-11 20:35:53,628 - GameScraper - ERROR - Error creating game vector: 'GameScraper' object has no attribute '_extract_scoring_info'
2025-01-11 20:35:55,087 - GameScraper - ERROR - Error creating game vector: 'GameScraper' object has no attribute '_extract_scoring_info'
2025-01-11 20:35:56,304 - GameScraper - ERROR - Error creating game vector: 'GameScraper' object has no attribute '_extract_scoring_info'
2025-01-11 20:35:57,514 - GameScraper - ERROR - Error creating game vector: 'GameScraper' object has no attribute '_extract_scoring_info'
2025-01-11 20:35:58,749 - GameScraper - ERROR - Error creating game vector: 'GameScraper' object has no attribute '_extract_scoring_info'
2025-01-11 20:35:59,946 - GameScraper - ERROR - Error creating game vector: 'GameScraper' object has no attribute '_extract_scoring_info'
2025-01-11 20:36:39,513 - GameScraper - ERROR - Error creating game vector: 'GameScraper' object has no attribute '_extract_drive_stats'
2025-01-11 20:36:40,661 - GameScraper - ERROR - Error creating game vector: 'GameScraper' object has no attribute '_extract_drive_stats'
2025-01-11 20:36:41,784 - GameScraper - ERROR - Error creating game vector: 'GameScraper' object has no attribute '_extract_drive_stats'
2025-01-11 20:36:42,899 - GameScraper - ERROR - Error creating game vector: 'GameScraper' object has no attribute '_extract_drive_stats'
2025-01-11 20:36:44,040 - GameScraper - ERROR - Error creating game vector: 'GameScraper' object has no attribute '_extract_drive_stats'
2025-01-11 20:36:45,160 - GameScraper - ERROR - Error creating game vector: 'GameScraper' object has no attribute '_extract_drive_stats'
2025-01-11 20:36:46,286 - GameScraper - ERROR - Error creating game vector: 'GameScraper' object has no attribute '_extract_drive_stats'
2025-01-11 20:36:47,398 - GameScraper - ERROR - Error creating game vector: 'GameScraper' object has no attribute '_extract_drive_stats'
2025-01-11 20:36:48,522 - GameScraper - ERROR - Error creating game vector: 'GameScraper' object has no attribute '_extract_drive_stats'
2025-01-11 20:36:49,676 - GameScraper - ERROR - Error creating game vector: 'GameScraper' object has no attribute '_extract_drive_stats'
2025-01-11 20:38:36,287 - GameScraper - INFO - Successfully created game vector
2025-01-11 20:38:37,409 - GameScraper - INFO - Successfully created game vector
2025-01-11 20:38:38,535 - GameScraper - INFO - Successfully created game vector
2025-01-11 20:38:39,658 - GameScraper - INFO - Successfully created game vector
2025-01-11 20:38:40,786 - GameScraper - INFO - Successfully created game vector
2025-01-11 20:38:42,294 - GameScraper - INFO - Successfully created game vector
2025-01-11 20:38:43,427 - GameScraper - INFO - Successfully created game vector
2025-01-11 20:38:44,562 - GameScraper - INFO - Successfully created game vector
2025-01-11 20:38:45,698 - GameScraper - INFO - Successfully created game vector
2025-01-11 20:38:46,822 - GameScraper - INFO - Successfully created game vector
2025-01-11 20:38:48,137 - GameScraper - INFO - Successfully created game vector
2025-01-11 20:38:49,428 - GameScraper - INFO - Successfully created game vector
2025-01-11 20:38:50,590 - GameScraper - INFO - Successfully created game vector
2025-01-11 20:38:51,813 - GameScraper - INFO - Successfully created game vector
2025-01-11 20:38:53,031 - GameScraper - INFO - Successfully created game vector
2025-01-11 20:38:54,244 - GameScraper - INFO - Successfully created game vector
2025-01-11 20:38:55,414 - GameScraper - INFO - Successfully created game vector
2025-01-11 20:38:56,604 - GameScraper - INFO - Successfully created game vector
2025-01-11 20:38:57,811 - GameScraper - INFO - Successfully created game vector
2025-01-11 20:38:59,088 - GameScraper - INFO - Successfully created game vector
2025-01-11 20:39:00,301 - GameScraper - INFO - Successfully created game vector
2025-01-11 20:39:01,523 - GameScraper - INFO - Successfully created game vector
2025-01-11 20:39:02,799 - GameScraper - INFO - Successfully created game vector
2025-01-11 20:39:04,000 - GameScraper - INFO - Successfully created game vector
2025-01-11 20:39:05,214 - GameScraper - INFO - Successfully created game vector
2025-01-11 20:39:06,383 - GameScraper - INFO - Successfully created game vector
2025-01-11 20:39:07,598 - GameScraper - INFO - Successfully created game vector
2025-01-11 20:39:08,855 - GameScraper - INFO - Successfully created game vector
2025-01-11 20:39:10,033 - GameScraper - INFO - Successfully created game vector
2025-01-11 20:39:11,270 - GameScraper - INFO - Successfully created game vector
2025-01-11 20:39:12,470 - GameScraper - INFO - Successfully created game vector
2025-01-11 20:39:13,761 - GameScraper - INFO - Successfully created game vector
2025-01-11 20:39:15,184 - GameScraper - INFO - Successfully created game vector
2025-01-11 20:39:16,443 - GameScraper - INFO - Successfully created game vector
2025-01-11 20:39:17,684 - GameScraper - INFO - Successfully created game vector
2025-01-11 20:39:18,894 - GameScraper - INFO - Successfully created game vector
2025-01-11 20:39:20,143 - GameScraper - INFO - Successfully created game vector
2025-01-11 20:39:21,403 - GameScraper - INFO - Successfully created game vector
2025-01-11 20:39:22,795 - GameScraper - ERROR - Error scraping tables: 429 Client Error: Too Many Requests for url: https://www.pro-football-reference.com/boxscores/201009260tam.htm
2025-01-11 20:39:23,967 - GameScraper - ERROR - Error scraping tables: 429 Client Error: Too Many Requests for url: https://www.pro-football-reference.com/boxscores/201009260kan.htm
2025-01-11 20:39:25,185 - GameScraper - ERROR - Error scraping tables: 429 Client Error: Too Many Requests for url: https://www.pro-football-reference.com/boxscores/201009260min.htm
2025-01-11 20:39:26,325 - GameScraper - ERROR - Error scraping tables: 429 Client Error: Too Many Requests for url: https://www.pro-football-reference.com/boxscores/201009260jax.htm
2025-01-11 20:39:27,471 - GameScraper - ERROR - Error scraping tables: 429 Client Error: Too Many Requests for url: https://www.pro-football-reference.com/boxscores/201009260ram.htm
2025-01-11 20:39:28,808 - GameScraper - ERROR - Error scraping tables: 429 Client Error: Too Many Requests for url: https://www.pro-football-reference.com/boxscores/201009260crd.htm
2025-01-11 20:39:29,963 - GameScraper - ERROR - Error scraping tables: 429 Client Error: Too Many Requests for url: https://www.pro-football-reference.com/boxscores/201009260den.htm
2025-01-11 20:39:31,146 - GameScraper - ERROR - Error scraping tables: 429 Client Error: Too Many Requests for url: https://www.pro-football-reference.com/boxscores/201009260sea.htm
2025-01-11 20:39:32,304 - GameScraper - ERROR - Error scraping tables: 429 Client Error: Too Many Requests for url: https://www.pro-football-reference.com/boxscores/201009260mia.htm
2025-01-11 20:39:33,451 - GameScraper - ERROR - Error scraping tables: 429 Client Error: Too Many Requests for url: https://www.pro-football-reference.com/boxscores/201009270chi.htm
2025-01-11 20:39:34,655 - GameScraper - ERROR - Error scraping tables: 429 Client Error: Too Many Requests for url: https://www.pro-football-reference.com/boxscores/201010030ram.htm
2025-01-11 20:39:35,803 - GameScraper - ERROR - Error scraping tables: 429 Client Error: Too Many Requests for url: https://www.pro-football-reference.com/boxscores/201010030buf.htm
2025-01-11 20:39:36,959 - GameScraper - ERROR - Error scraping tables: 429 Client Error: Too Many Requests for url: https://www.pro-football-reference.com/boxscores/201010030cle.htm
2025-01-11 20:39:38,126 - GameScraper - ERROR - Error scraping tables: 429 Client Error: Too Many Requests for url: https://www.pro-football-reference.com/boxscores/201010030oti.htm
2025-01-11 20:39:39,267 - GameScraper - ERROR - Error scraping tables: 429 Client Error: Too Many Requests for url: https://www.pro-football-reference.com/boxscores/201010030gnb.htm
2025-01-11 20:39:40,463 - GameScraper - ERROR - Error scraping tables: 429 Client Error: Too Many Requests for url: https://www.pro-football-reference.com/boxscores/201010030pit.htm
2025-01-11 20:39:41,619 - GameScraper - ERROR - Error scraping tables: 429 Client Error: Too Many Requests for url: https://www.pro-football-reference.com/boxscores/201010030atl.htm
2025-01-11 20:39:42,778 - GameScraper - ERROR - Error scraping tables: 429 Client Error: Too Many Requests for url: https://www.pro-football-reference.com/boxscores/201010030nor.htm
2025-01-11 20:39:43,937 - GameScraper - ERROR - Error scraping tables: 429 Client Error: Too Many Requests for url: https://www.pro-football-reference.com/boxscores/201010030jax.htm
2025-01-11 20:39:45,092 - GameScraper - ERROR - Error scraping tables: 429 Client Error: Too Many Requests for url: https://www.pro-football-reference.com/boxscores/201010030rai.htm
2025-01-11 20:39:46,391 - GameScraper - ERROR - Error scraping tables: 429 Client Error: Too Many Requests for url: https://www.pro-football-reference.com/boxscores/201010030sdg.htm
2025-01-11 20:39:47,548 - GameScraper - ERROR - Error scraping tables: 429 Client Error: Too Many Requests for url: https://www.pro-football-reference.com/boxscores/201010030phi.htm
2025-01-11 20:39:48,695 - GameScraper - ERROR - Error scraping tables: 429 Client Error: Too Many Requests for url: https://www.pro-football-reference.com/boxscores/201010030nyg.htm
2025-01-11 20:39:49,840 - GameScraper - ERROR - Error scraping tables: 429 Client Error: Too Many Requests for url: https://www.pro-football-reference.com/boxscores/201010040mia.htm
2025-01-11 20:39:50,988 - GameScraper - ERROR - Error scraping tables: 429 Client Error: Too Many Requests for url: https://www.pro-football-reference.com/boxscores/201010100det.htm
2025-01-11 20:39:52,156 - GameScraper - ERROR - Error scraping tables: 429 Client Error: Too Many Requests for url: https://www.pro-football-reference.com/boxscores/201010100buf.htm
2025-01-11 20:39:53,300 - GameScraper - ERROR - Error scraping tables: 429 Client Error: Too Many Requests for url: https://www.pro-football-reference.com/boxscores/201010100rav.htm
2025-01-11 20:39:54,465 - GameScraper - ERROR - Error scraping tables: 429 Client Error: Too Many Requests for url: https://www.pro-football-reference.com/boxscores/201010100was.htm
2025-01-11 20:39:55,619 - GameScraper - ERROR - Error scraping tables: 429 Client Error: Too Many Requests for url: https://www.pro-football-reference.com/boxscores/201010100cle.htm
2025-01-11 20:39:56,852 - GameScraper - ERROR - Error scraping tables: 429 Client Error: Too Many Requests for url: https://www.pro-football-reference.com/boxscores/201010100car.htm
2025-01-11 20:39:58,014 - GameScraper - ERROR - Error scraping tables: 429 Client Error: Too Many Requests for url: https://www.pro-football-reference.com/boxscores/201010100cin.htm
2025-01-11 20:39:59,186 - GameScraper - ERROR - Error scraping tables: 429 Client Error: Too Many Requests for url: https://www.pro-football-reference.com/boxscores/201010100clt.htm
2025-01-11 20:40:00,347 - GameScraper - ERROR - Error scraping tables: 429 Client Error: Too Many Requests for url: https://www.pro-football-reference.com/boxscores/201010100htx.htm
2025-01-11 20:40:01,532 - GameScraper - ERROR - Error scraping tables: 429 Client Error: Too Many Requests for url: https://www.pro-football-reference.com/boxscores/201010100crd.htm
2025-01-11 20:40:02,675 - GameScraper - ERROR - Error scraping tables: 429 Client Error: Too Many Requests for url: https://www.pro-football-reference.com/boxscores/201010100rai.htm
2025-01-11 20:40:03,855 - GameScraper - ERROR - Error scraping tables: 429 Client Error: Too Many Requests for url: https://www.pro-football-reference.com/boxscores/201010100dal.htm
2025-01-11 20:40:05,017 - GameScraper - ERROR - Error scraping tables: 429 Client Error: Too Many Requests for url: https://www.pro-football-reference.com/boxscores/201010100sfo.htm
2025-01-11 20:40:06,190 - GameScraper - ERROR - Error scraping tables: 429 Client Error: Too Many Requests for url: https://www.pro-football-reference.com/boxscores/201010110nyj.htm
2025-01-11 20:40:07,440 - GameScraper - ERROR - Error scraping tables: 429 Client Error: Too Many Requests for url: https://www.pro-football-reference.com/boxscores/201010170ram.htm
2025-01-11 20:40:08,609 - GameScraper - ERROR - Error scraping tables: 429 Client Error: Too Many Requests for url: https://www.pro-football-reference.com/boxscores/201010170nwe.htm
2025-01-11 20:40:09,741 - GameScraper - ERROR - Error scraping tables: 429 Client Error: Too Many Requests for url: https://www.pro-football-reference.com/boxscores/201010170phi.htm
2025-01-11 20:40:10,907 - GameScraper - ERROR - Error scraping tables: 429 Client Error: Too Many Requests for url: https://www.pro-football-reference.com/boxscores/201010170chi.htm
2025-01-11 20:40:12,068 - GameScraper - ERROR - Error scraping tables: 429 Client Error: Too Many Requests for url: https://www.pro-football-reference.com/boxscores/201010170pit.htm
2025-01-11 20:40:13,205 - GameScraper - ERROR - Error scraping tables: 429 Client Error: Too Many Requests for url: https://www.pro-football-reference.com/boxscores/201010170gnb.htm
2025-01-11 20:40:14,336 - GameScraper - ERROR - Error scraping tables: 429 Client Error: Too Many Requests for url: https://www.pro-football-reference.com/boxscores/201010170tam.htm
2025-01-11 20:40:15,484 - GameScraper - ERROR - Error scraping tables: 429 Client Error: Too Many Requests for url: https://www.pro-football-reference.com/boxscores/201010170nyg.htm
2025-01-11 20:40:16,624 - GameScraper - ERROR - Error scraping tables: 429 Client Error: Too Many Requests for url: https://www.pro-football-reference.com/boxscores/201010170htx.htm
2025-01-11 20:40:17,791 - GameScraper - ERROR - Error scraping tables: 429 Client Error: Too Many Requests for url: https://www.pro-football-reference.com/boxscores/201010170den.htm
2025-01-11 20:40:18,995 - GameScraper - ERROR - Error scraping tables: 429 Client Error: Too Many Requests for url: https://www.pro-football-reference.com/boxscores/201010170sfo.htm
2025-01-11 20:40:20,142 - GameScraper - ERROR - Error scraping tables: 429 Client Error: Too Many Requests for url: https://www.pro-football-reference.com/boxscores/201010170min.htm
2025-01-11 20:40:21,286 - GameScraper - ERROR - Error scraping tables: 429 Client Error: Too Many Requests for url: https://www.pro-football-reference.com/boxscores/201010170was.htm
2025-01-11 20:40:22,424 - GameScraper - ERROR - Error scraping tables: 429 Client Error: Too Many Requests for url: https://www.pro-football-reference.com/boxscores/201010180jax.htm
2025-01-11 20:40:23,595 - GameScraper - ERROR - Error scraping tables: 429 Client Error: Too Many Requests for url: https://www.pro-football-reference.com/boxscores/201010240rav.htm
2025-01-11 20:40:24,732 - GameScraper - ERROR - Error scraping tables: 429 Client Error: Too Many Requests for url: https://www.pro-football-reference.com/boxscores/201010240mia.htm
2025-01-11 20:40:25,877 - GameScraper - ERROR - Error scraping tables: 429 Client Error: Too Many Requests for url: https://www.pro-football-reference.com/boxscores/201010240nor.htm
2025-01-11 20:40:27,044 - GameScraper - ERROR - Error scraping tables: 429 Client Error: Too Many Requests for url: https://www.pro-football-reference.com/boxscores/201010240oti.htm
2025-01-11 20:40:28,226 - GameScraper - ERROR - Error scraping tables: 429 Client Error: Too Many Requests for url: https://www.pro-football-reference.com/boxscores/201010240tam.htm
2025-01-11 20:40:29,389 - GameScraper - ERROR - Error scraping tables: 429 Client Error: Too Many Requests for url: https://www.pro-football-reference.com/boxscores/201010240car.htm
2025-01-11 20:40:30,533 - GameScraper - ERROR - Error scraping tables: 429 Client Error: Too Many Requests for url: https://www.pro-football-reference.com/boxscores/201010240kan.htm
2025-01-11 20:40:31,724 - GameScraper - ERROR - Error scraping tables: 429 Client Error: Too Many Requests for url: https://www.pro-football-reference.com/boxscores/201010240chi.htm
2025-01-11 20:40:32,909 - GameScraper - ERROR - Error scraping tables: 429 Client Error: Too Many Requests for url: https://www.pro-football-reference.com/boxscores/201010240atl.htm
2025-01-11 20:40:34,054 - GameScraper - ERROR - Error scraping tables: 429 Client Error: Too Many Requests for url: https://www.pro-football-reference.com/boxscores/201010240sea.htm
2025-01-11 20:40:35,249 - GameScraper - ERROR - Error scraping tables: 429 Client Error: Too Many Requests for url: https://www.pro-football-reference.com/boxscores/201010240sdg.htm
2025-01-11 20:40:36,502 - GameScraper - ERROR - Error scraping tables: 429 Client Error: Too Many Requests for url: https://www.pro-football-reference.com/boxscores/201010240den.htm
2025-01-11 20:40:37,674 - GameScraper - ERROR - Error scraping tables: 429 Client Error: Too Many Requests for url: https://www.pro-football-reference.com/boxscores/201010240gnb.htm
2025-01-11 20:40:39,044 - GameScraper - ERROR - Error scraping tables: 429 Client Error: Too Many Requests for url: https://www.pro-football-reference.com/boxscores/201010250dal.htm
2025-01-11 20:40:40,220 - GameScraper - ERROR - Error scraping tables: 429 Client Error: Too Many Requests for url: https://www.pro-football-reference.com/boxscores/201010310ram.htm
2025-01-11 20:40:41,504 - GameScraper - ERROR - Error scraping tables: 429 Client Error: Too Many Requests for url: https://www.pro-football-reference.com/boxscores/201010310det.htm
2025-01-11 20:40:42,797 - GameScraper - ERROR - Error scraping tables: 429 Client Error: Too Many Requests for url: https://www.pro-football-reference.com/boxscores/201010310nyj.htm
2025-01-11 20:40:43,939 - GameScraper - ERROR - Error scraping tables: 429 Client Error: Too Many Requests for url: https://www.pro-football-reference.com/boxscores/201010310dal.htm
2025-01-11 20:40:45,116 - GameScraper - ERROR - Error scraping tables: 429 Client Error: Too Many Requests for url: https://www.pro-football-reference.com/boxscores/201010310cin.htm
2025-01-11 20:40:46,248 - GameScraper - ERROR - Error scraping tables: 429 Client Error: Too Many Requests for url: https://www.pro-football-reference.com/boxscores/201010310sfo.htm
2025-01-11 20:40:47,380 - GameScraper - ERROR - Error scraping tables: 429 Client Error: Too Many Requests for url: https://www.pro-football-reference.com/boxscores/201010310kan.htm
2025-01-11 20:40:48,525 - GameScraper - ERROR - Error scraping tables: 429 Client Error: Too Many Requests for url: https://www.pro-football-reference.com/boxscores/201010310sdg.htm
2025-01-11 20:40:49,686 - GameScraper - ERROR - Error scraping tables: 429 Client Error: Too Many Requests for url: https://www.pro-football-reference.com/boxscores/201010310crd.htm
2025-01-11 20:40:50,870 - GameScraper - ERROR - Error scraping tables: 429 Client Error: Too Many Requests for url: https://www.pro-football-reference.com/boxscores/201010310nwe.htm
2025-01-11 20:40:51,996 - GameScraper - ERROR - Error scraping tables: 429 Client Error: Too Many Requests for url: https://www.pro-football-reference.com/boxscores/201010310rai.htm
2025-01-11 20:40:53,163 - GameScraper - ERROR - Error scraping tables: 429 Client Error: Too Many Requests for url: https://www.pro-football-reference.com/boxscores/201010310nor.htm
2025-01-11 20:40:54,306 - GameScraper - ERROR - Error scraping tables: 429 Client Error: Too Many Requests for url: https://www.pro-football-reference.com/boxscores/201011010clt.htm
2025-01-11 20:40:55,437 - GameScraper - ERROR - Error scraping tables: 429 Client Error: Too Many Requests for url: https://www.pro-football-reference.com/boxscores/201011070atl.htm
2025-01-11 20:40:56,633 - GameScraper - ERROR - Error scraping tables: 429 Client Error: Too Many Requests for url: https://www.pro-football-reference.com/boxscores/201011070buf.htm
2025-01-11 20:40:57,780 - GameScraper - ERROR - Error scraping tables: 429 Client Error: Too Many Requests for url: https://www.pro-football-reference.com/boxscores/201011070cle.htm
2025-01-11 20:40:58,922 - GameScraper - ERROR - Error scraping tables: 429 Client Error: Too Many Requests for url: https://www.pro-football-reference.com/boxscores/201011070htx.htm
2025-01-11 20:41:00,085 - GameScraper - ERROR - Error scraping tables: 429 Client Error: Too Many Requests for url: https://www.pro-football-reference.com/boxscores/201011070rav.htm
2025-01-11 20:41:01,311 - GameScraper - ERROR - Error scraping tables: 429 Client Error: Too Many Requests for url: https://www.pro-football-reference.com/boxscores/201011070det.htm
2025-01-11 20:41:02,470 - GameScraper - ERROR - Error scraping tables: 429 Client Error: Too Many Requests for url: https://www.pro-football-reference.com/boxscores/201011070car.htm
2025-01-11 20:41:03,610 - GameScraper - ERROR - Error scraping tables: 429 Client Error: Too Many Requests for url: https://www.pro-football-reference.com/boxscores/201011070min.htm
2025-01-11 20:41:04,753 - GameScraper - ERROR - Error scraping tables: 429 Client Error: Too Many Requests for url: https://www.pro-football-reference.com/boxscores/201011070sea.htm
2025-01-11 20:41:05,918 - GameScraper - ERROR - Error scraping tables: 429 Client Error: Too Many Requests for url: https://www.pro-football-reference.com/boxscores/201011070rai.htm
2025-01-11 20:41:07,061 - GameScraper - ERROR - Error scraping tables: 429 Client Error: Too Many Requests for url: https://www.pro-football-reference.com/boxscores/201011070phi.htm
2025-01-11 20:41:08,228 - GameScraper - ERROR - Error scraping tables: 429 Client Error: Too Many Requests for url: https://www.pro-football-reference.com/boxscores/201011070gnb.htm
2025-01-11 20:41:09,404 - GameScraper - ERROR - Error scraping tables: 429 Client Error: Too Many Requests for url: https://www.pro-football-reference.com/boxscores/201011080cin.htm
2025-01-11 20:41:10,576 - GameScraper - ERROR - Error scraping tables: 429 Client Error: Too Many Requests for url: https://www.pro-football-reference.com/boxscores/201011110atl.htm
2025-01-11 20:41:11,731 - GameScraper - ERROR - Error scraping tables: 429 Client Error: Too Many Requests for url: https://www.pro-football-reference.com/boxscores/201011140buf.htm
2025-01-11 20:41:12,883 - GameScraper - ERROR - Error scraping tables: 429 Client Error: Too Many Requests for url: https://www.pro-football-reference.com/boxscores/201011140tam.htm
2025-01-11 20:41:14,062 - GameScraper - ERROR - Error scraping tables: 429 Client Error: Too Many Requests for url: https://www.pro-football-reference.com/boxscores/201011140chi.htm
2025-01-11 20:41:15,198 - GameScraper - ERROR - Error scraping tables: 429 Client Error: Too Many Requests for url: https://www.pro-football-reference.com/boxscores/201011140clt.htm
2025-01-11 20:41:16,387 - GameScraper - ERROR - Error scraping tables: 429 Client Error: Too Many Requests for url: https://www.pro-football-reference.com/boxscores/201011140cle.htm
2025-01-11 20:41:17,544 - GameScraper - ERROR - Error scraping tables: 429 Client Error: Too Many Requests for url: https://www.pro-football-reference.com/boxscores/201011140mia.htm
2025-01-11 20:41:18,686 - GameScraper - ERROR - Error scraping tables: 429 Client Error: Too Many Requests for url: https://www.pro-football-reference.com/boxscores/201011140jax.htm
2025-01-11 20:41:19,868 - GameScraper - ERROR - Error scraping tables: 429 Client Error: Too Many Requests for url: https://www.pro-football-reference.com/boxscores/201011140den.htm
2025-01-11 20:41:21,023 - GameScraper - ERROR - Error scraping tables: 429 Client Error: Too Many Requests for url: https://www.pro-football-reference.com/boxscores/201011140crd.htm
2025-01-11 20:41:22,199 - GameScraper - ERROR - Error scraping tables: 429 Client Error: Too Many Requests for url: https://www.pro-football-reference.com/boxscores/201011140nyg.htm
2025-01-11 20:41:23,367 - GameScraper - ERROR - Error scraping tables: 429 Client Error: Too Many Requests for url: https://www.pro-football-reference.com/boxscores/201011140sfo.htm
2025-01-11 20:41:24,551 - GameScraper - ERROR - Error scraping tables: 429 Client Error: Too Many Requests for url: https://www.pro-football-reference.com/boxscores/201011140pit.htm
2025-01-11 20:41:25,703 - GameScraper - ERROR - Error scraping tables: 429 Client Error: Too Many Requests for url: https://www.pro-football-reference.com/boxscores/201011150was.htm
2025-01-11 20:41:26,856 - GameScraper - ERROR - Error scraping tables: 429 Client Error: Too Many Requests for url: https://www.pro-football-reference.com/boxscores/201011180mia.htm
2025-01-11 20:41:28,011 - GameScraper - ERROR - Error scraping tables: 429 Client Error: Too Many Requests for url: https://www.pro-football-reference.com/boxscores/201011210cin.htm
2025-01-11 20:41:29,150 - GameScraper - ERROR - Error scraping tables: 429 Client Error: Too Many Requests for url: https://www.pro-football-reference.com/boxscores/201011210dal.htm
2025-01-11 20:41:30,382 - GameScraper - ERROR - Error scraping tables: 429 Client Error: Too Many Requests for url: https://www.pro-football-reference.com/boxscores/201011210pit.htm
2025-01-11 20:41:31,549 - GameScraper - ERROR - Error scraping tables: 429 Client Error: Too Many Requests for url: https://www.pro-football-reference.com/boxscores/201011210jax.htm
2025-01-11 20:41:32,734 - GameScraper - ERROR - Error scraping tables: 429 Client Error: Too Many Requests for url: https://www.pro-football-reference.com/boxscores/201011210kan.htm
2025-01-11 20:41:33,876 - GameScraper - ERROR - Error scraping tables: 429 Client Error: Too Many Requests for url: https://www.pro-football-reference.com/boxscores/201011210nyj.htm
2025-01-11 20:41:35,027 - GameScraper - ERROR - Error scraping tables: 429 Client Error: Too Many Requests for url: https://www.pro-football-reference.com/boxscores/201011210oti.htm
2025-01-11 20:41:36,179 - GameScraper - ERROR - Error scraping tables: 429 Client Error: Too Many Requests for url: https://www.pro-football-reference.com/boxscores/201011210car.htm
2025-01-11 20:41:37,324 - GameScraper - ERROR - Error scraping tables: 429 Client Error: Too Many Requests for url: https://www.pro-football-reference.com/boxscores/201011210min.htm
2025-01-11 20:41:38,516 - GameScraper - ERROR - Error scraping tables: 429 Client Error: Too Many Requests for url: https://www.pro-football-reference.com/boxscores/201011210ram.htm
2025-01-11 20:41:39,681 - GameScraper - ERROR - Error scraping tables: 429 Client Error: Too Many Requests for url: https://www.pro-football-reference.com/boxscores/201011210nor.htm
2025-01-11 20:41:40,856 - GameScraper - ERROR - Error scraping tables: 429 Client Error: Too Many Requests for url: https://www.pro-football-reference.com/boxscores/201011210sfo.htm
2025-01-11 20:41:42,012 - GameScraper - ERROR - Error scraping tables: 429 Client Error: Too Many Requests for url: https://www.pro-football-reference.com/boxscores/201011210nwe.htm
2025-01-11 20:41:43,196 - GameScraper - ERROR - Error scraping tables: 429 Client Error: Too Many Requests for url: https://www.pro-football-reference.com/boxscores/201011210phi.htm
2025-01-11 20:41:44,342 - GameScraper - ERROR - Error scraping tables: 429 Client Error: Too Many Requests for url: https://www.pro-football-reference.com/boxscores/201011220sdg.htm
2025-01-11 20:41:45,593 - GameScraper - ERROR - Error scraping tables: 429 Client Error: Too Many Requests for url: https://www.pro-football-reference.com/boxscores/201011250det.htm
2025-01-11 20:41:46,766 - GameScraper - ERROR - Error scraping tables: 429 Client Error: Too Many Requests for url: https://www.pro-football-reference.com/boxscores/201011250dal.htm
2025-01-11 20:41:47,923 - GameScraper - ERROR - Error scraping tables: 429 Client Error: Too Many Requests for url: https://www.pro-football-reference.com/boxscores/201011250nyj.htm
2025-01-11 20:41:49,080 - GameScraper - ERROR - Error scraping tables: 429 Client Error: Too Many Requests for url: https://www.pro-football-reference.com/boxscores/201011280atl.htm
2025-01-11 20:41:50,241 - GameScraper - ERROR - Error scraping tables: 429 Client Error: Too Many Requests for url: https://www.pro-football-reference.com/boxscores/201011280buf.htm
2025-01-11 20:41:51,389 - GameScraper - ERROR - Error scraping tables: 429 Client Error: Too Many Requests for url: https://www.pro-football-reference.com/boxscores/201011280htx.htm
2025-01-11 20:41:52,562 - GameScraper - ERROR - Error scraping tables: 429 Client Error: Too Many Requests for url: https://www.pro-football-reference.com/boxscores/201011280nyg.htm
2025-01-11 20:41:53,740 - GameScraper - ERROR - Error scraping tables: 429 Client Error: Too Many Requests for url: https://www.pro-football-reference.com/boxscores/201011280was.htm
2025-01-11 20:41:54,913 - GameScraper - ERROR - Error scraping tables: 429 Client Error: Too Many Requests for url: https://www.pro-football-reference.com/boxscores/201011280cle.htm
2025-01-11 20:41:56,051 - GameScraper - ERROR - Error scraping tables: 429 Client Error: Too Many Requests for url: https://www.pro-football-reference.com/boxscores/201011280rai.htm
2025-01-11 20:41:57,259 - GameScraper - ERROR - Error scraping tables: 429 Client Error: Too Many Requests for url: https://www.pro-football-reference.com/boxscores/201011280sea.htm
2025-01-11 20:41:58,421 - GameScraper - ERROR - Error scraping tables: 429 Client Error: Too Many Requests for url: https://www.pro-football-reference.com/boxscores/201011280chi.htm
2025-01-11 20:41:59,585 - GameScraper - ERROR - Error scraping tables: 429 Client Error: Too Many Requests for url: https://www.pro-football-reference.com/boxscores/201011280rav.htm
2025-01-11 20:42:00,764 - GameScraper - ERROR - Error scraping tables: 429 Client Error: Too Many Requests for url: https://www.pro-football-reference.com/boxscores/201011280den.htm
2025-01-11 20:42:01,922 - GameScraper - ERROR - Error scraping tables: 429 Client Error: Too Many Requests for url: https://www.pro-football-reference.com/boxscores/201011280clt.htm
2025-01-11 20:42:03,088 - GameScraper - ERROR - Error scraping tables: 429 Client Error: Too Many Requests for url: https://www.pro-football-reference.com/boxscores/201011290crd.htm
2025-01-11 20:42:04,233 - GameScraper - ERROR - Error scraping tables: 429 Client Error: Too Many Requests for url: https://www.pro-football-reference.com/boxscores/201012020phi.htm
2025-01-11 20:42:05,368 - GameScraper - ERROR - Error scraping tables: 429 Client Error: Too Many Requests for url: https://www.pro-football-reference.com/boxscores/201012050mia.htm
2025-01-11 20:42:06,528 - GameScraper - ERROR - Error scraping tables: 429 Client Error: Too Many Requests for url: https://www.pro-football-reference.com/boxscores/201012050gnb.htm
2025-01-11 20:42:07,795 - GameScraper - ERROR - Error scraping tables: 429 Client Error: Too Many Requests for url: https://www.pro-football-reference.com/boxscores/201012050nyg.htm
2025-01-11 20:42:08,952 - GameScraper - ERROR - Error scraping tables: 429 Client Error: Too Many Requests for url: https://www.pro-football-reference.com/boxscores/201012050det.htm
2025-01-11 20:42:10,278 - GameScraper - ERROR - Error scraping tables: 429 Client Error: Too Many Requests for url: https://www.pro-football-reference.com/boxscores/201012050cin.htm
2025-01-11 20:42:11,421 - GameScraper - ERROR - Error scraping tables: 429 Client Error: Too Many Requests for url: https://www.pro-football-reference.com/boxscores/201012050kan.htm
2025-01-11 20:42:12,590 - GameScraper - ERROR - Error scraping tables: 429 Client Error: Too Many Requests for url: https://www.pro-football-reference.com/boxscores/201012050oti.htm
2025-01-11 20:42:13,771 - GameScraper - ERROR - Error scraping tables: 429 Client Error: Too Many Requests for url: https://www.pro-football-reference.com/boxscores/201012050min.htm
2025-01-11 20:42:14,921 - GameScraper - ERROR - Error scraping tables: 429 Client Error: Too Many Requests for url: https://www.pro-football-reference.com/boxscores/201012050sdg.htm
2025-01-11 20:42:16,087 - GameScraper - ERROR - Error scraping tables: 429 Client Error: Too Many Requests for url: https://www.pro-football-reference.com/boxscores/201012050clt.htm
2025-01-11 20:42:17,243 - GameScraper - ERROR - Error scraping tables: 429 Client Error: Too Many Requests for url: https://www.pro-football-reference.com/boxscores/201012050crd.htm
2025-01-11 20:42:18,410 - GameScraper - ERROR - Error scraping tables: 429 Client Error: Too Many Requests for url: https://www.pro-football-reference.com/boxscores/201012050tam.htm
2025-01-11 20:42:19,566 - GameScraper - ERROR - Error scraping tables: 429 Client Error: Too Many Requests for url: https://www.pro-football-reference.com/boxscores/201012050sea.htm
2025-01-11 20:42:20,718 - GameScraper - ERROR - Error scraping tables: 429 Client Error: Too Many Requests for url: https://www.pro-football-reference.com/boxscores/201012050rav.htm
2025-01-11 20:42:21,880 - GameScraper - ERROR - Error scraping tables: 429 Client Error: Too Many Requests for url: https://www.pro-football-reference.com/boxscores/201012060nwe.htm
2025-01-11 20:42:23,000 - GameScraper - ERROR - Error scraping tables: 429 Client Error: Too Many Requests for url: https://www.pro-football-reference.com/boxscores/201012090oti.htm
2025-01-11 20:42:24,190 - GameScraper - ERROR - Error scraping tables: 429 Client Error: Too Many Requests for url: https://www.pro-football-reference.com/boxscores/201012120buf.htm
2025-01-11 20:42:25,308 - GameScraper - ERROR - Error scraping tables: 429 Client Error: Too Many Requests for url: https://www.pro-football-reference.com/boxscores/201012120pit.htm
2025-01-11 20:42:26,453 - GameScraper - ERROR - Error scraping tables: 429 Client Error: Too Many Requests for url: https://www.pro-football-reference.com/boxscores/201012120jax.htm
2025-01-11 20:42:27,632 - GameScraper - ERROR - Error scraping tables: 429 Client Error: Too Many Requests for url: https://www.pro-football-reference.com/boxscores/201012120car.htm
2025-01-11 20:42:28,818 - GameScraper - ERROR - Error scraping tables: 429 Client Error: Too Many Requests for url: https://www.pro-football-reference.com/boxscores/201012120det.htm
2025-01-11 20:42:29,984 - GameScraper - ERROR - Error scraping tables: 429 Client Error: Too Many Requests for url: https://www.pro-football-reference.com/boxscores/201012120was.htm
2025-01-11 20:42:31,150 - GameScraper - ERROR - Error scraping tables: 429 Client Error: Too Many Requests for url: https://www.pro-football-reference.com/boxscores/201012120nor.htm
2025-01-11 20:42:32,295 - GameScraper - ERROR - Error scraping tables: 429 Client Error: Too Many Requests for url: https://www.pro-football-reference.com/boxscores/201012120sfo.htm
2025-01-11 20:42:33,443 - GameScraper - ERROR - Error scraping tables: 429 Client Error: Too Many Requests for url: https://www.pro-football-reference.com/boxscores/201012120crd.htm
2025-01-11 20:42:34,604 - GameScraper - ERROR - Error scraping tables: 429 Client Error: Too Many Requests for url: https://www.pro-football-reference.com/boxscores/201012120sdg.htm
2025-01-11 20:42:35,792 - GameScraper - ERROR - Error scraping tables: 429 Client Error: Too Many Requests for url: https://www.pro-football-reference.com/boxscores/201012120nyj.htm
2025-01-11 20:42:36,944 - GameScraper - ERROR - Error scraping tables: 429 Client Error: Too Many Requests for url: https://www.pro-football-reference.com/boxscores/201012120chi.htm
2025-01-11 20:42:38,111 - GameScraper - ERROR - Error scraping tables: 429 Client Error: Too Many Requests for url: https://www.pro-football-reference.com/boxscores/201012120dal.htm
2025-01-11 20:42:39,288 - GameScraper - ERROR - Error scraping tables: 429 Client Error: Too Many Requests for url: https://www.pro-football-reference.com/boxscores/201012130min.htm
2025-01-11 20:42:40,457 - GameScraper - ERROR - Error scraping tables: 429 Client Error: Too Many Requests for url: https://www.pro-football-reference.com/boxscores/201012130htx.htm
2025-01-11 20:42:41,956 - GameScraper - ERROR - Error scraping tables: 429 Client Error: Too Many Requests for url: https://www.pro-football-reference.com/boxscores/201012160sdg.htm
2025-01-11 20:42:43,127 - GameScraper - ERROR - Error scraping tables: 429 Client Error: Too Many Requests for url: https://www.pro-football-reference.com/boxscores/201012190ram.htm
2025-01-11 20:42:44,326 - GameScraper - ERROR - Error scraping tables: 429 Client Error: Too Many Requests for url: https://www.pro-football-reference.com/boxscores/201012190mia.htm
2025-01-11 20:42:45,487 - GameScraper - ERROR - Error scraping tables: 429 Client Error: Too Many Requests for url: https://www.pro-football-reference.com/boxscores/201012190cin.htm
2025-01-11 20:42:46,638 - GameScraper - ERROR - Error scraping tables: 429 Client Error: Too Many Requests for url: https://www.pro-football-reference.com/boxscores/201012190clt.htm
2025-01-11 20:42:47,810 - GameScraper - ERROR - Error scraping tables: 429 Client Error: Too Many Requests for url: https://www.pro-football-reference.com/boxscores/201012190oti.htm
2025-01-11 20:42:49,027 - GameScraper - ERROR - Error scraping tables: 429 Client Error: Too Many Requests for url: https://www.pro-football-reference.com/boxscores/201012190dal.htm
2025-01-11 20:42:50,162 - GameScraper - ERROR - Error scraping tables: 429 Client Error: Too Many Requests for url: https://www.pro-football-reference.com/boxscores/201012190tam.htm
2025-01-11 20:42:51,323 - GameScraper - ERROR - Error scraping tables: 429 Client Error: Too Many Requests for url: https://www.pro-football-reference.com/boxscores/201012190rav.htm
2025-01-11 20:42:52,495 - GameScraper - ERROR - Error scraping tables: 429 Client Error: Too Many Requests for url: https://www.pro-football-reference.com/boxscores/201012190nyg.htm
2025-01-11 20:42:53,657 - GameScraper - ERROR - Error scraping tables: 429 Client Error: Too Many Requests for url: https://www.pro-football-reference.com/boxscores/201012190car.htm
2025-01-11 20:42:54,826 - GameScraper - ERROR - Error scraping tables: 429 Client Error: Too Many Requests for url: https://www.pro-football-reference.com/boxscores/201012190sea.htm
2025-01-11 20:42:55,993 - GameScraper - ERROR - Error scraping tables: 429 Client Error: Too Many Requests for url: https://www.pro-football-reference.com/boxscores/201012190rai.htm
2025-01-11 20:42:57,154 - GameScraper - ERROR - Error scraping tables: 429 Client Error: Too Many Requests for url: https://www.pro-football-reference.com/boxscores/201012190pit.htm
2025-01-11 20:42:58,293 - GameScraper - ERROR - Error scraping tables: 429 Client Error: Too Many Requests for url: https://www.pro-football-reference.com/boxscores/201012190nwe.htm
2025-01-11 20:42:59,479 - GameScraper - ERROR - Error scraping tables: 429 Client Error: Too Many Requests for url: https://www.pro-football-reference.com/boxscores/201012200min.htm
2025-01-11 20:43:00,617 - GameScraper - ERROR - Error scraping tables: 429 Client Error: Too Many Requests for url: https://www.pro-football-reference.com/boxscores/201012230pit.htm
2025-01-11 20:43:01,763 - GameScraper - ERROR - Error scraping tables: 429 Client Error: Too Many Requests for url: https://www.pro-football-reference.com/boxscores/201012250crd.htm
2025-01-11 20:43:02,960 - GameScraper - ERROR - Error scraping tables: 429 Client Error: Too Many Requests for url: https://www.pro-football-reference.com/boxscores/201012260ram.htm
2025-01-11 20:43:04,098 - GameScraper - ERROR - Error scraping tables: 429 Client Error: Too Many Requests for url: https://www.pro-football-reference.com/boxscores/201012260buf.htm
2025-01-11 20:43:05,289 - GameScraper - ERROR - Error scraping tables: 429 Client Error: Too Many Requests for url: https://www.pro-football-reference.com/boxscores/201012260chi.htm
2025-01-11 20:43:06,460 - GameScraper - ERROR - Error scraping tables: 429 Client Error: Too Many Requests for url: https://www.pro-football-reference.com/boxscores/201012260cle.htm
2025-01-11 20:43:07,641 - GameScraper - ERROR - Error scraping tables: 429 Client Error: Too Many Requests for url: https://www.pro-football-reference.com/boxscores/201012260mia.htm
2025-01-11 20:43:08,795 - GameScraper - ERROR - Error scraping tables: 429 Client Error: Too Many Requests for url: https://www.pro-football-reference.com/boxscores/201012260jax.htm
2025-01-11 20:43:09,935 - GameScraper - ERROR - Error scraping tables: 429 Client Error: Too Many Requests for url: https://www.pro-football-reference.com/boxscores/201012260kan.htm
2025-01-11 20:43:11,084 - GameScraper - ERROR - Error scraping tables: 429 Client Error: Too Many Requests for url: https://www.pro-football-reference.com/boxscores/201012260cin.htm
2025-01-11 20:43:12,239 - GameScraper - ERROR - Error scraping tables: 429 Client Error: Too Many Requests for url: https://www.pro-football-reference.com/boxscores/201012260rai.htm
2025-01-11 20:43:13,398 - GameScraper - ERROR - Error scraping tables: 429 Client Error: Too Many Requests for url: https://www.pro-football-reference.com/boxscores/201012260den.htm
2025-01-11 20:43:14,564 - GameScraper - ERROR - Error scraping tables: 429 Client Error: Too Many Requests for url: https://www.pro-football-reference.com/boxscores/201012260gnb.htm
2025-01-11 20:43:15,704 - GameScraper - ERROR - Error scraping tables: 429 Client Error: Too Many Requests for url: https://www.pro-football-reference.com/boxscores/201012260tam.htm
2025-01-11 20:43:16,885 - GameScraper - ERROR - Error scraping tables: 429 Client Error: Too Many Requests for url: https://www.pro-football-reference.com/boxscores/201012270atl.htm
2025-01-11 20:43:18,039 - GameScraper - ERROR - Error scraping tables: 429 Client Error: Too Many Requests for url: https://www.pro-football-reference.com/boxscores/201012280phi.htm
2025-01-11 20:43:19,199 - GameScraper - ERROR - Error scraping tables: 429 Client Error: Too Many Requests for url: https://www.pro-football-reference.com/boxscores/201101020nor.htm
2025-01-11 20:43:20,343 - GameScraper - ERROR - Error scraping tables: 429 Client Error: Too Many Requests for url: https://www.pro-football-reference.com/boxscores/201101020rav.htm
2025-01-11 20:43:21,492 - GameScraper - ERROR - Error scraping tables: 429 Client Error: Too Many Requests for url: https://www.pro-football-reference.com/boxscores/201101020cle.htm
2025-01-11 20:43:22,662 - GameScraper - ERROR - Error scraping tables: 429 Client Error: Too Many Requests for url: https://www.pro-football-reference.com/boxscores/201101020kan.htm
2025-01-11 20:43:23,823 - GameScraper - ERROR - Error scraping tables: 429 Client Error: Too Many Requests for url: https://www.pro-football-reference.com/boxscores/201101020nwe.htm
2025-01-11 20:43:24,969 - GameScraper - ERROR - Error scraping tables: 429 Client Error: Too Many Requests for url: https://www.pro-football-reference.com/boxscores/201101020atl.htm
2025-01-11 20:43:26,120 - GameScraper - ERROR - Error scraping tables: 429 Client Error: Too Many Requests for url: https://www.pro-football-reference.com/boxscores/201101020nyj.htm
2025-01-11 20:43:27,309 - GameScraper - ERROR - Error scraping tables: 429 Client Error: Too Many Requests for url: https://www.pro-football-reference.com/boxscores/201101020det.htm
2025-01-11 20:43:28,492 - GameScraper - ERROR - Error scraping tables: 429 Client Error: Too Many Requests for url: https://www.pro-football-reference.com/boxscores/201101020gnb.htm
2025-01-11 20:43:29,656 - GameScraper - ERROR - Error scraping tables: 429 Client Error: Too Many Requests for url: https://www.pro-football-reference.com/boxscores/201101020sfo.htm
2025-01-11 20:43:30,812 - GameScraper - ERROR - Error scraping tables: 429 Client Error: Too Many Requests for url: https://www.pro-football-reference.com/boxscores/201101020phi.htm
2025-01-11 20:43:32,001 - GameScraper - ERROR - Error scraping tables: 429 Client Error: Too Many Requests for url: https://www.pro-football-reference.com/boxscores/201101020den.htm
2025-01-11 20:43:33,146 - GameScraper - ERROR - Error scraping tables: 429 Client Error: Too Many Requests for url: https://www.pro-football-reference.com/boxscores/201101020htx.htm
2025-01-11 20:43:34,318 - GameScraper - ERROR - Error scraping tables: 429 Client Error: Too Many Requests for url: https://www.pro-football-reference.com/boxscores/201101020clt.htm
2025-01-11 20:43:35,470 - GameScraper - ERROR - Error scraping tables: 429 Client Error: Too Many Requests for url: https://www.pro-football-reference.com/boxscores/201101020was.htm
2025-01-11 20:43:36,704 - GameScraper - ERROR - Error scraping tables: 429 Client Error: Too Many Requests for url: https://www.pro-football-reference.com/boxscores/201101020sea.htm
2025-01-11 20:43:37,712 - GameScraper - ERROR - Error scraping tables: Invalid URL 'nan': No schema supplied. Perhaps you meant http://nan?
2025-01-11 20:43:38,874 - GameScraper - ERROR - Error scraping tables: 429 Client Error: Too Many Requests for url: https://www.pro-football-reference.com/boxscores/201101080sea.htm
2025-01-11 20:43:40,017 - GameScraper - ERROR - Error scraping tables: 429 Client Error: Too Many Requests for url: https://www.pro-football-reference.com/boxscores/201101080clt.htm
2025-01-11 20:43:41,182 - GameScraper - ERROR - Error scraping tables: 429 Client Error: Too Many Requests for url: https://www.pro-football-reference.com/boxscores/201101090kan.htm
2025-01-11 20:43:42,338 - GameScraper - ERROR - Error scraping tables: 429 Client Error: Too Many Requests for url: https://www.pro-football-reference.com/boxscores/201101090phi.htm
2025-01-11 20:43:43,487 - GameScraper - ERROR - Error scraping tables: 429 Client Error: Too Many Requests for url: https://www.pro-football-reference.com/boxscores/201101150pit.htm
2025-01-11 20:43:44,665 - GameScraper - ERROR - Error scraping tables: 429 Client Error: Too Many Requests for url: https://www.pro-football-reference.com/boxscores/201101150atl.htm
2025-01-11 20:43:45,828 - GameScraper - ERROR - Error scraping tables: 429 Client Error: Too Many Requests for url: https://www.pro-football-reference.com/boxscores/201101160chi.htm
2025-01-11 20:43:47,026 - GameScraper - ERROR - Error scraping tables: 429 Client Error: Too Many Requests for url: https://www.pro-football-reference.com/boxscores/201101160nwe.htm
2025-01-11 20:43:48,177 - GameScraper - ERROR - Error scraping tables: 429 Client Error: Too Many Requests for url: https://www.pro-football-reference.com/boxscores/201101230chi.htm
2025-01-11 20:43:49,314 - GameScraper - ERROR - Error scraping tables: 429 Client Error: Too Many Requests for url: https://www.pro-football-reference.com/boxscores/201101230pit.htm
2025-01-11 20:43:50,454 - GameScraper - ERROR - Error scraping tables: 429 Client Error: Too Many Requests for url: https://www.pro-football-reference.com/boxscores/201102060gnb.htm
2025-01-11 20:43:51,709 - GameScraper - ERROR - Error scraping tables: 429 Client Error: Too Many Requests for url: https://www.pro-football-reference.com/boxscores/201109080gnb.htm
2025-01-11 20:43:52,878 - GameScraper - ERROR - Error scraping tables: 429 Client Error: Too Many Requests for url: https://www.pro-football-reference.com/boxscores/201109110ram.htm
2025-01-11 20:43:54,079 - GameScraper - ERROR - Error scraping tables: 429 Client Error: Too Many Requests for url: https://www.pro-football-reference.com/boxscores/201109110htx.htm
2025-01-11 20:43:55,278 - GameScraper - ERROR - Error scraping tables: 429 Client Error: Too Many Requests for url: https://www.pro-football-reference.com/boxscores/201109110jax.htm
2025-01-11 20:43:56,450 - GameScraper - ERROR - Error scraping tables: 429 Client Error: Too Many Requests for url: https://www.pro-football-reference.com/boxscores/201109110rav.htm
2025-01-11 20:43:57,604 - GameScraper - ERROR - Error scraping tables: 429 Client Error: Too Many Requests for url: https://www.pro-football-reference.com/boxscores/201109110chi.htm
2025-01-11 20:43:58,761 - GameScraper - ERROR - Error scraping tables: 429 Client Error: Too Many Requests for url: https://www.pro-football-reference.com/boxscores/201109110kan.htm
2025-01-11 20:43:59,932 - GameScraper - ERROR - Error scraping tables: 429 Client Error: Too Many Requests for url: https://www.pro-football-reference.com/boxscores/201109110cle.htm
2025-01-11 20:44:01,097 - GameScraper - ERROR - Error scraping tables: 429 Client Error: Too Many Requests for url: https://www.pro-football-reference.com/boxscores/201109110tam.htm
2025-01-11 20:44:02,267 - GameScraper - ERROR - Error scraping tables: 429 Client Error: Too Many Requests for url: https://www.pro-football-reference.com/boxscores/201109110crd.htm
2025-01-11 20:44:03,412 - GameScraper - ERROR - Error scraping tables: 429 Client Error: Too Many Requests for url: https://www.pro-football-reference.com/boxscores/201109110sdg.htm
2025-01-11 20:44:04,570 - GameScraper - ERROR - Error scraping tables: 429 Client Error: Too Many Requests for url: https://www.pro-football-reference.com/boxscores/201109110sfo.htm
2025-01-11 20:44:05,774 - GameScraper - ERROR - Error scraping tables: 429 Client Error: Too Many Requests for url: https://www.pro-football-reference.com/boxscores/201109110was.htm
2025-01-11 20:44:06,933 - GameScraper - ERROR - Error scraping tables: 429 Client Error: Too Many Requests for url: https://www.pro-football-reference.com/boxscores/201109110nyj.htm
2025-01-11 20:44:08,098 - GameScraper - ERROR - Error scraping tables: 429 Client Error: Too Many Requests for url: https://www.pro-football-reference.com/boxscores/201109120mia.htm
2025-01-11 20:44:09,240 - GameScraper - ERROR - Error scraping tables: 429 Client Error: Too Many Requests for url: https://www.pro-football-reference.com/boxscores/201109120den.htm
2025-01-11 20:44:10,449 - GameScraper - ERROR - Error scraping tables: 429 Client Error: Too Many Requests for url: https://www.pro-football-reference.com/boxscores/201109180car.htm
2025-01-11 20:44:11,566 - GameScraper - ERROR - Error scraping tables: 429 Client Error: Too Many Requests for url: https://www.pro-football-reference.com/boxscores/201109180nor.htm
2025-01-11 20:44:12,713 - GameScraper - ERROR - Error scraping tables: 429 Client Error: Too Many Requests for url: https://www.pro-football-reference.com/boxscores/201109180clt.htm
2025-01-11 20:44:13,848 - GameScraper - ERROR - Error scraping tables: 429 Client Error: Too Many Requests for url: https://www.pro-football-reference.com/boxscores/201109180det.htm
2025-01-11 20:44:15,013 - GameScraper - ERROR - Error scraping tables: 429 Client Error: Too Many Requests for url: https://www.pro-football-reference.com/boxscores/201109180nyj.htm
2025-01-11 20:44:16,152 - GameScraper - ERROR - Error scraping tables: 429 Client Error: Too Many Requests for url: https://www.pro-football-reference.com/boxscores/201109180oti.htm
2025-01-11 20:44:17,334 - GameScraper - ERROR - Error scraping tables: 429 Client Error: Too Many Requests for url: https://www.pro-football-reference.com/boxscores/201109180pit.htm
2025-01-11 20:44:18,503 - GameScraper - ERROR - Error scraping tables: 429 Client Error: Too Many Requests for url: https://www.pro-football-reference.com/boxscores/201109180buf.htm
2025-01-11 20:44:19,669 - GameScraper - ERROR - Error scraping tables: 429 Client Error: Too Many Requests for url: https://www.pro-football-reference.com/boxscores/201109180was.htm
2025-01-11 20:44:20,853 - GameScraper - ERROR - Error scraping tables: 429 Client Error: Too Many Requests for url: https://www.pro-football-reference.com/boxscores/201109180min.htm
2025-01-11 20:44:22,017 - GameScraper - ERROR - Error scraping tables: 429 Client Error: Too Many Requests for url: https://www.pro-football-reference.com/boxscores/201109180sfo.htm
2025-01-11 20:44:23,186 - GameScraper - ERROR - Error scraping tables: 429 Client Error: Too Many Requests for url: https://www.pro-football-reference.com/boxscores/201109180den.htm
2025-01-11 20:44:24,395 - GameScraper - ERROR - Error scraping tables: 429 Client Error: Too Many Requests for url: https://www.pro-football-reference.com/boxscores/201109180mia.htm
2025-01-11 20:44:25,566 - GameScraper - ERROR - Error scraping tables: 429 Client Error: Too Many Requests for url: https://www.pro-football-reference.com/boxscores/201109180nwe.htm
2025-01-11 20:44:26,846 - GameScraper - ERROR - Error scraping tables: 429 Client Error: Too Many Requests for url: https://www.pro-football-reference.com/boxscores/201109180atl.htm
2025-01-11 20:44:27,979 - GameScraper - ERROR - Error scraping tables: 429 Client Error: Too Many Requests for url: https://www.pro-football-reference.com/boxscores/201109190nyg.htm
2025-01-11 20:44:29,138 - GameScraper - ERROR - Error scraping tables: 429 Client Error: Too Many Requests for url: https://www.pro-football-reference.com/boxscores/201109250car.htm
2025-01-11 20:44:30,290 - GameScraper - ERROR - Error scraping tables: 429 Client Error: Too Many Requests for url: https://www.pro-football-reference.com/boxscores/201109250cin.htm
2025-01-11 20:44:31,441 - GameScraper - ERROR - Error scraping tables: 429 Client Error: Too Many Requests for url: https://www.pro-football-reference.com/boxscores/201109250cle.htm
2025-01-11 20:44:32,613 - GameScraper - ERROR - Error scraping tables: 429 Client Error: Too Many Requests for url: https://www.pro-football-reference.com/boxscores/201109250oti.htm
2025-01-11 20:44:33,745 - GameScraper - ERROR - Error scraping tables: 429 Client Error: Too Many Requests for url: https://www.pro-football-reference.com/boxscores/201109250nor.htm
2025-01-11 20:44:34,909 - GameScraper - ERROR - Error scraping tables: 429 Client Error: Too Many Requests for url: https://www.pro-football-reference.com/boxscores/201109250buf.htm
2025-01-11 20:44:36,113 - GameScraper - ERROR - Error scraping tables: 429 Client Error: Too Many Requests for url: https://www.pro-football-reference.com/boxscores/201109250phi.htm
2025-01-11 20:44:37,261 - GameScraper - ERROR - Error scraping tables: 429 Client Error: Too Many Requests for url: https://www.pro-football-reference.com/boxscores/201109250min.htm
2025-01-11 20:44:38,435 - GameScraper - ERROR - Error scraping tables: 429 Client Error: Too Many Requests for url: https://www.pro-football-reference.com/boxscores/201109250rai.htm
2025-01-11 20:44:39,619 - GameScraper - ERROR - Error scraping tables: 429 Client Error: Too Many Requests for url: https://www.pro-football-reference.com/boxscores/201109250sdg.htm
2025-01-11 20:44:40,771 - GameScraper - ERROR - Error scraping tables: 429 Client Error: Too Many Requests for url: https://www.pro-football-reference.com/boxscores/201109250ram.htm
2025-01-11 20:44:41,897 - GameScraper - ERROR - Error scraping tables: 429 Client Error: Too Many Requests for url: https://www.pro-football-reference.com/boxscores/201109250chi.htm
2025-01-11 20:44:43,030 - GameScraper - ERROR - Error scraping tables: 429 Client Error: Too Many Requests for url: https://www.pro-football-reference.com/boxscores/201109250sea.htm
2025-01-11 20:44:44,140 - GameScraper - ERROR - Error scraping tables: 429 Client Error: Too Many Requests for url: https://www.pro-football-reference.com/boxscores/201109250tam.htm
2025-01-11 20:44:45,301 - GameScraper - ERROR - Error scraping tables: 429 Client Error: Too Many Requests for url: https://www.pro-football-reference.com/boxscores/201109250clt.htm
2025-01-11 20:44:46,421 - GameScraper - ERROR - Error scraping tables: 429 Client Error: Too Many Requests for url: https://www.pro-football-reference.com/boxscores/201109260dal.htm
2025-01-11 20:44:47,573 - GameScraper - ERROR - Error scraping tables: 429 Client Error: Too Many Requests for url: https://www.pro-football-reference.com/boxscores/201110020ram.htm
2025-01-11 20:44:48,721 - GameScraper - ERROR - Error scraping tables: 429 Client Error: Too Many Requests for url: https://www.pro-football-reference.com/boxscores/201110020dal.htm
2025-01-11 20:44:49,868 - GameScraper - ERROR - Error scraping tables: 429 Client Error: Too Many Requests for url: https://www.pro-football-reference.com/boxscores/201110020kan.htm
2025-01-11 20:44:51,030 - GameScraper - ERROR - Error scraping tables: 429 Client Error: Too Many Requests for url: https://www.pro-football-reference.com/boxscores/201110020cin.htm
2025-01-11 20:44:52,175 - GameScraper - ERROR - Error scraping tables: 429 Client Error: Too Many Requests for url: https://www.pro-football-reference.com/boxscores/201110020cle.htm
2025-01-11 20:44:53,469 - GameScraper - ERROR - Error scraping tables: 429 Client Error: Too Many Requests for url: https://www.pro-football-reference.com/boxscores/201110020htx.htm
2025-01-11 20:44:54,595 - GameScraper - ERROR - Error scraping tables: 429 Client Error: Too Many Requests for url: https://www.pro-football-reference.com/boxscores/201110020jax.htm
2025-01-11 20:44:55,787 - GameScraper - ERROR - Error scraping tables: 429 Client Error: Too Many Requests for url: https://www.pro-football-reference.com/boxscores/201110020phi.htm
2025-01-11 20:44:56,905 - GameScraper - ERROR - Error scraping tables: 429 Client Error: Too Many Requests for url: https://www.pro-football-reference.com/boxscores/201110020chi.htm
2025-01-11 20:44:58,112 - GameScraper - ERROR - Error scraping tables: 429 Client Error: Too Many Requests for url: https://www.pro-football-reference.com/boxscores/201110020sea.htm
2025-01-11 20:44:59,280 - GameScraper - ERROR - Error scraping tables: 429 Client Error: Too Many Requests for url: https://www.pro-football-reference.com/boxscores/201110020crd.htm
2025-01-11 20:45:00,436 - GameScraper - ERROR - Error scraping tables: 429 Client Error: Too Many Requests for url: https://www.pro-football-reference.com/boxscores/201110020gnb.htm
2025-01-11 20:45:01,664 - GameScraper - ERROR - Error scraping tables: 429 Client Error: Too Many Requests for url: https://www.pro-football-reference.com/boxscores/201110020sdg.htm
2025-01-11 20:45:02,821 - GameScraper - ERROR - Error scraping tables: 429 Client Error: Too Many Requests for url: https://www.pro-football-reference.com/boxscores/201110020rai.htm
2025-01-11 20:45:04,032 - GameScraper - ERROR - Error scraping tables: 429 Client Error: Too Many Requests for url: https://www.pro-football-reference.com/boxscores/201110020rav.htm
2025-01-11 20:45:05,285 - GameScraper - ERROR - Error scraping tables: 429 Client Error: Too Many Requests for url: https://www.pro-football-reference.com/boxscores/201110030tam.htm
2025-01-11 20:45:06,423 - GameScraper - ERROR - Error scraping tables: 429 Client Error: Too Many Requests for url: https://www.pro-football-reference.com/boxscores/201110090jax.htm
2025-01-11 20:45:07,552 - GameScraper - ERROR - Error scraping tables: 429 Client Error: Too Many Requests for url: https://www.pro-football-reference.com/boxscores/201110090clt.htm
