2025-01-11 20:20:17,291 - NFLDataProcessor - ERROR - Schedule file not found for 2010
2025-01-11 20:20:17,291 - NFLDataProcessor - ERROR - Schedule file not found for 2011
2025-01-11 20:20:17,291 - NFLDataProcessor - ERROR - Schedule file not found for 2012
2025-01-11 20:20:17,291 - NFLDataProcessor - ERROR - Schedule file not found for 2013
2025-01-11 20:20:17,299 - NFLDataProcessor - ERROR - Schedule file not found for 2014
2025-01-11 20:20:17,299 - NFLDataProcessor - ERROR - Schedule file not found for 2015
2025-01-11 20:20:17,299 - NFLDataProcessor - ERROR - Schedule file not found for 2016
2025-01-11 20:20:17,308 - NFLDataProcessor - ERROR - Schedule file not found for 2017
2025-01-11 20:20:17,308 - NFLDataProcessor - ERROR - Schedule file not found for 2018
2025-01-11 20:20:17,308 - NFLDataProcessor - ERROR - Schedule file not found for 2019
2025-01-11 20:20:17,315 - NFLDataProcessor - ERROR - Schedule file not found for 2020
2025-01-11 20:20:17,315 - NFLDataProcessor - ERROR - Schedule file not found for 2021
2025-01-11 20:20:17,317 - NFLDataProcessor - ERROR - Schedule file not found for 2022
2025-01-11 20:20:17,320 - NFLDataProcessor - ERROR - Schedule file not found for 2023
2025-01-11 20:20:17,322 - NFLDataProcessor - ERROR - Schedule file not found for 2024
2025-01-11 20:24:12,749 - NFLDataProcessor - ERROR - Schedule file not found for 2010
2025-01-11 20:24:12,749 - NFLDataProcessor - ERROR - Schedule file not found for 2011
2025-01-11 20:24:12,749 - NFLDataProcessor - ERROR - Schedule file not found for 2012
2025-01-11 20:24:12,749 - NFLDataProcessor - ERROR - Schedule file not found for 2013
2025-01-11 20:24:12,749 - NFLDataProcessor - ERROR - Schedule file not found for 2014
2025-01-11 20:24:12,749 - NFLDataProcessor - ERROR - Schedule file not found for 2015
2025-01-11 20:24:12,749 - NFLDataProcessor - ERROR - Schedule file not found for 2016
2025-01-11 20:24:12,749 - NFLDataProcessor - ERROR - Schedule file not found for 2017
2025-01-11 20:24:12,758 - NFLDataProcessor - ERROR - Schedule file not found for 2018
2025-01-11 20:24:12,758 - NFLDataProcessor - ERROR - Schedule file not found for 2019
2025-01-11 20:24:12,758 - NFLDataProcessor - ERROR - Schedule file not found for 2020
2025-01-11 20:24:12,758 - NFLDataProcessor - ERROR - Schedule file not found for 2021
2025-01-11 20:24:12,758 - NFLDataProcessor - ERROR - Schedule file not found for 2022
2025-01-11 20:24:12,758 - NFLDataProcessor - ERROR - Schedule file not found for 2023
2025-01-11 20:24:12,758 - NFLDataProcessor - ERROR - Schedule file not found for 2024
2025-01-11 20:25:17,471 - NFLDataProcessor - INFO - Looking for schedule file at: C:\Users\Xavier\Desktop\projects\NFL_GameSpread\data\raw\schedules\schedule_2010.csv
2025-01-11 20:25:17,471 - NFLDataProcessor - ERROR - Schedule file not found for 2010 at C:\Users\Xavier\Desktop\projects\NFL_GameSpread\data\raw\schedules\schedule_2010.csv
2025-01-11 20:25:17,471 - NFLDataProcessor - INFO - Looking for schedule file at: C:\Users\Xavier\Desktop\projects\NFL_GameSpread\data\raw\schedules\schedule_2011.csv
2025-01-11 20:25:17,471 - NFLDataProcessor - ERROR - Schedule file not found for 2011 at C:\Users\Xavier\Desktop\projects\NFL_GameSpread\data\raw\schedules\schedule_2011.csv
2025-01-11 20:25:17,471 - NFLDataProcessor - INFO - Looking for schedule file at: C:\Users\Xavier\Desktop\projects\NFL_GameSpread\data\raw\schedules\schedule_2012.csv
2025-01-11 20:25:17,471 - NFLDataProcessor - ERROR - Schedule file not found for 2012 at C:\Users\Xavier\Desktop\projects\NFL_GameSpread\data\raw\schedules\schedule_2012.csv
2025-01-11 20:25:17,482 - NFLDataProcessor - INFO - Looking for schedule file at: C:\Users\Xavier\Desktop\projects\NFL_GameSpread\data\raw\schedules\schedule_2013.csv
2025-01-11 20:25:17,484 - NFLDataProcessor - ERROR - Schedule file not found for 2013 at C:\Users\Xavier\Desktop\projects\NFL_GameSpread\data\raw\schedules\schedule_2013.csv
2025-01-11 20:25:17,484 - NFLDataProcessor - INFO - Looking for schedule file at: C:\Users\Xavier\Desktop\projects\NFL_GameSpread\data\raw\schedules\schedule_2014.csv
2025-01-11 20:25:17,484 - NFLDataProcessor - ERROR - Schedule file not found for 2014 at C:\Users\Xavier\Desktop\projects\NFL_GameSpread\data\raw\schedules\schedule_2014.csv
2025-01-11 20:25:17,484 - NFLDataProcessor - INFO - Looking for schedule file at: C:\Users\Xavier\Desktop\projects\NFL_GameSpread\data\raw\schedules\schedule_2015.csv
2025-01-11 20:25:17,484 - NFLDataProcessor - ERROR - Schedule file not found for 2015 at C:\Users\Xavier\Desktop\projects\NFL_GameSpread\data\raw\schedules\schedule_2015.csv
2025-01-11 20:25:17,487 - NFLDataProcessor - INFO - Looking for schedule file at: C:\Users\Xavier\Desktop\projects\NFL_GameSpread\data\raw\schedules\schedule_2016.csv
2025-01-11 20:25:17,487 - NFLDataProcessor - ERROR - Schedule file not found for 2016 at C:\Users\Xavier\Desktop\projects\NFL_GameSpread\data\raw\schedules\schedule_2016.csv
2025-01-11 20:25:17,487 - NFLDataProcessor - INFO - Looking for schedule file at: C:\Users\Xavier\Desktop\projects\NFL_GameSpread\data\raw\schedules\schedule_2017.csv
2025-01-11 20:25:17,487 - NFLDataProcessor - ERROR - Schedule file not found for 2017 at C:\Users\Xavier\Desktop\projects\NFL_GameSpread\data\raw\schedules\schedule_2017.csv
2025-01-11 20:25:17,487 - NFLDataProcessor - INFO - Looking for schedule file at: C:\Users\Xavier\Desktop\projects\NFL_GameSpread\data\raw\schedules\schedule_2018.csv
2025-01-11 20:25:17,487 - NFLDataProcessor - ERROR - Schedule file not found for 2018 at C:\Users\Xavier\Desktop\projects\NFL_GameSpread\data\raw\schedules\schedule_2018.csv
2025-01-11 20:25:17,487 - NFLDataProcessor - INFO - Looking for schedule file at: C:\Users\Xavier\Desktop\projects\NFL_GameSpread\data\raw\schedules\schedule_2019.csv
2025-01-11 20:25:17,487 - NFLDataProcessor - ERROR - Schedule file not found for 2019 at C:\Users\Xavier\Desktop\projects\NFL_GameSpread\data\raw\schedules\schedule_2019.csv
2025-01-11 20:25:17,487 - NFLDataProcessor - INFO - Looking for schedule file at: C:\Users\Xavier\Desktop\projects\NFL_GameSpread\data\raw\schedules\schedule_2020.csv
2025-01-11 20:25:17,487 - NFLDataProcessor - ERROR - Schedule file not found for 2020 at C:\Users\Xavier\Desktop\projects\NFL_GameSpread\data\raw\schedules\schedule_2020.csv
2025-01-11 20:25:17,487 - NFLDataProcessor - INFO - Looking for schedule file at: C:\Users\Xavier\Desktop\projects\NFL_GameSpread\data\raw\schedules\schedule_2021.csv
2025-01-11 20:25:17,487 - NFLDataProcessor - ERROR - Schedule file not found for 2021 at C:\Users\Xavier\Desktop\projects\NFL_GameSpread\data\raw\schedules\schedule_2021.csv
2025-01-11 20:25:17,495 - NFLDataProcessor - INFO - Looking for schedule file at: C:\Users\Xavier\Desktop\projects\NFL_GameSpread\data\raw\schedules\schedule_2022.csv
2025-01-11 20:25:17,495 - NFLDataProcessor - ERROR - Schedule file not found for 2022 at C:\Users\Xavier\Desktop\projects\NFL_GameSpread\data\raw\schedules\schedule_2022.csv
2025-01-11 20:25:17,495 - NFLDataProcessor - INFO - Looking for schedule file at: C:\Users\Xavier\Desktop\projects\NFL_GameSpread\data\raw\schedules\schedule_2023.csv
2025-01-11 20:25:17,495 - NFLDataProcessor - ERROR - Schedule file not found for 2023 at C:\Users\Xavier\Desktop\projects\NFL_GameSpread\data\raw\schedules\schedule_2023.csv
2025-01-11 20:25:17,495 - NFLDataProcessor - INFO - Looking for schedule file at: C:\Users\Xavier\Desktop\projects\NFL_GameSpread\data\raw\schedules\schedule_2024.csv
2025-01-11 20:25:17,495 - NFLDataProcessor - ERROR - Schedule file not found for 2024 at C:\Users\Xavier\Desktop\projects\NFL_GameSpread\data\raw\schedules\schedule_2024.csv
2025-01-11 20:31:16,735 - NFLDataProcessor - INFO - Looking for schedule file at: C:\Users\Xavier\Desktop\projects\NFL_GameSpread\data\raw\schedules\schedule_2010.csv
2025-01-11 20:31:16,778 - NFLDataProcessor - INFO - Successfully loaded schedule for 2010 with 268 games
2025-01-11 20:33:06,826 - NFLDataProcessor - INFO - Looking for schedule file at: C:\Users\Xavier\Desktop\projects\NFL_GameSpread\data\raw\schedules\schedule_2010.csv
2025-01-11 20:33:06,831 - NFLDataProcessor - INFO - Successfully loaded schedule for 2010 with 268 games
2025-01-11 20:34:22,904 - NFLDataProcessor - INFO - Looking for schedule file at: C:\Users\Xavier\Desktop\projects\NFL_GameSpread\data\raw\schedules\schedule_2010.csv
2025-01-11 20:34:22,907 - NFLDataProcessor - INFO - Successfully loaded schedule for 2010 with 268 games
2025-01-11 20:35:48,177 - NFLDataProcessor - INFO - Looking for schedule file at: C:\Users\Xavier\Desktop\projects\NFL_GameSpread\data\raw\schedules\schedule_2010.csv
2025-01-11 20:35:48,181 - NFLDataProcessor - INFO - Successfully loaded schedule for 2010 with 268 games
2025-01-11 20:36:39,335 - NFLDataProcessor - INFO - Looking for schedule file at: C:\Users\Xavier\Desktop\projects\NFL_GameSpread\data\raw\schedules\schedule_2010.csv
2025-01-11 20:36:39,339 - NFLDataProcessor - INFO - Successfully loaded schedule for 2010 with 268 games
2025-01-11 20:38:36,102 - NFLDataProcessor - INFO - Looking for schedule file at: C:\Users\Xavier\Desktop\projects\NFL_GameSpread\data\raw\schedules\schedule_2010.csv
2025-01-11 20:38:36,105 - NFLDataProcessor - INFO - Successfully loaded schedule for 2010 with 268 games
2025-01-11 20:43:51,504 - NFLDataProcessor - INFO - Saved 38 games for 2010
2025-01-11 20:43:51,506 - NFLDataProcessor - INFO - Looking for schedule file at: C:\Users\Xavier\Desktop\projects\NFL_GameSpread\data\raw\schedules\schedule_2011.csv
2025-01-11 20:43:51,556 - NFLDataProcessor - INFO - Successfully loaded schedule for 2011 with 268 games
2025-01-11 21:08:44,593 - NFLDataProcessor - INFO - Looking for schedule file at: C:\Users\Xavier\Desktop\projects\NFL_GameSpread\data\raw\schedules\schedule_2010.csv
2025-01-11 21:08:44,596 - NFLDataProcessor - INFO - Successfully loaded schedule for 2010 with 268 games
2025-01-11 21:08:44,607 - NFLDataProcessor - ERROR - Error processing game https://www.pro-football-reference.com/boxscores/201009090nor.htm: 'GameScraper' object has no attribute 'scrape_game_data'
2025-01-11 21:08:45,619 - NFLDataProcessor - ERROR - Error processing game https://www.pro-football-reference.com/boxscores/201009120pit.htm: 'GameScraper' object has no attribute 'scrape_game_data'
2025-01-11 21:08:46,631 - NFLDataProcessor - ERROR - Error processing game https://www.pro-football-reference.com/boxscores/201009120buf.htm: 'GameScraper' object has no attribute 'scrape_game_data'
2025-01-11 21:08:47,647 - NFLDataProcessor - ERROR - Error processing game https://www.pro-football-reference.com/boxscores/201009120chi.htm: 'GameScraper' object has no attribute 'scrape_game_data'
2025-01-11 21:08:48,653 - NFLDataProcessor - ERROR - Error processing game https://www.pro-football-reference.com/boxscores/201009120nwe.htm: 'GameScraper' object has no attribute 'scrape_game_data'
2025-01-11 21:08:49,662 - NFLDataProcessor - ERROR - Error processing game https://www.pro-football-reference.com/boxscores/201009120tam.htm: 'GameScraper' object has no attribute 'scrape_game_data'
2025-01-11 21:08:50,677 - NFLDataProcessor - ERROR - Error processing game https://www.pro-football-reference.com/boxscores/201009120htx.htm: 'GameScraper' object has no attribute 'scrape_game_data'
2025-01-11 21:08:51,691 - NFLDataProcessor - ERROR - Error processing game https://www.pro-football-reference.com/boxscores/201009120oti.htm: 'GameScraper' object has no attribute 'scrape_game_data'
2025-01-11 21:08:52,696 - NFLDataProcessor - ERROR - Error processing game https://www.pro-football-reference.com/boxscores/201009120jax.htm: 'GameScraper' object has no attribute 'scrape_game_data'
2025-01-11 21:08:53,704 - NFLDataProcessor - ERROR - Error processing game https://www.pro-football-reference.com/boxscores/201009120nyg.htm: 'GameScraper' object has no attribute 'scrape_game_data'
2025-01-11 21:08:54,712 - NFLDataProcessor - ERROR - Error processing game https://www.pro-football-reference.com/boxscores/201009120ram.htm: 'GameScraper' object has no attribute 'scrape_game_data'
2025-01-11 21:08:55,723 - NFLDataProcessor - ERROR - Error processing game https://www.pro-football-reference.com/boxscores/201009120phi.htm: 'GameScraper' object has no attribute 'scrape_game_data'
2025-01-11 21:08:56,737 - NFLDataProcessor - ERROR - Error processing game https://www.pro-football-reference.com/boxscores/201009120sea.htm: 'GameScraper' object has no attribute 'scrape_game_data'
2025-01-11 21:08:57,751 - NFLDataProcessor - ERROR - Error processing game https://www.pro-football-reference.com/boxscores/201009120was.htm: 'GameScraper' object has no attribute 'scrape_game_data'
2025-01-11 21:08:58,765 - NFLDataProcessor - ERROR - Error processing game https://www.pro-football-reference.com/boxscores/201009130nyj.htm: 'GameScraper' object has no attribute 'scrape_game_data'
2025-01-11 21:08:59,775 - NFLDataProcessor - ERROR - Error processing game https://www.pro-football-reference.com/boxscores/201009130kan.htm: 'GameScraper' object has no attribute 'scrape_game_data'
2025-01-11 21:09:00,788 - NFLDataProcessor - ERROR - Error processing game https://www.pro-football-reference.com/boxscores/201009190gnb.htm: 'GameScraper' object has no attribute 'scrape_game_data'
2025-01-11 21:09:01,799 - NFLDataProcessor - ERROR - Error processing game https://www.pro-football-reference.com/boxscores/201009190cin.htm: 'GameScraper' object has no attribute 'scrape_game_data'
2025-01-11 21:09:02,802 - NFLDataProcessor - ERROR - Error processing game https://www.pro-football-reference.com/boxscores/201009190cle.htm: 'GameScraper' object has no attribute 'scrape_game_data'
2025-01-11 21:09:03,805 - NFLDataProcessor - ERROR - Error processing game https://www.pro-football-reference.com/boxscores/201009190det.htm: 'GameScraper' object has no attribute 'scrape_game_data'
2025-01-11 21:09:04,814 - NFLDataProcessor - ERROR - Error processing game https://www.pro-football-reference.com/boxscores/201009190oti.htm: 'GameScraper' object has no attribute 'scrape_game_data'
2025-01-11 21:09:05,819 - NFLDataProcessor - ERROR - Error processing game https://www.pro-football-reference.com/boxscores/201009190atl.htm: 'GameScraper' object has no attribute 'scrape_game_data'
2025-01-11 21:14:30,149 - NFLDataProcessor - INFO - Processing 267 games for 2010 season
2025-01-11 21:14:30,404 - NFLDataProcessor - ERROR - Error scraping https://www.pro-football-reference.com/boxscores/201009090nor.htm: 429 Client Error: Too Many Requests for url: https://www.pro-football-reference.com/boxscores/201009090nor.htm
2025-01-11 21:14:31,532 - NFLDataProcessor - ERROR - Error scraping https://www.pro-football-reference.com/boxscores/201009120pit.htm: 429 Client Error: Too Many Requests for url: https://www.pro-football-reference.com/boxscores/201009120pit.htm
2025-01-11 21:14:32,689 - NFLDataProcessor - ERROR - Error scraping https://www.pro-football-reference.com/boxscores/201009120buf.htm: 429 Client Error: Too Many Requests for url: https://www.pro-football-reference.com/boxscores/201009120buf.htm
2025-01-11 21:14:33,824 - NFLDataProcessor - ERROR - Error scraping https://www.pro-football-reference.com/boxscores/201009120chi.htm: 429 Client Error: Too Many Requests for url: https://www.pro-football-reference.com/boxscores/201009120chi.htm
2025-01-11 21:14:34,970 - NFLDataProcessor - ERROR - Error scraping https://www.pro-football-reference.com/boxscores/201009120nwe.htm: 429 Client Error: Too Many Requests for url: https://www.pro-football-reference.com/boxscores/201009120nwe.htm
2025-01-11 21:14:36,089 - NFLDataProcessor - ERROR - Error scraping https://www.pro-football-reference.com/boxscores/201009120tam.htm: 429 Client Error: Too Many Requests for url: https://www.pro-football-reference.com/boxscores/201009120tam.htm
2025-01-11 21:14:37,251 - NFLDataProcessor - ERROR - Error scraping https://www.pro-football-reference.com/boxscores/201009120htx.htm: 429 Client Error: Too Many Requests for url: https://www.pro-football-reference.com/boxscores/201009120htx.htm
2025-01-11 21:14:38,393 - NFLDataProcessor - ERROR - Error scraping https://www.pro-football-reference.com/boxscores/201009120oti.htm: 429 Client Error: Too Many Requests for url: https://www.pro-football-reference.com/boxscores/201009120oti.htm
2025-01-11 21:14:39,533 - NFLDataProcessor - ERROR - Error scraping https://www.pro-football-reference.com/boxscores/201009120jax.htm: 429 Client Error: Too Many Requests for url: https://www.pro-football-reference.com/boxscores/201009120jax.htm
2025-01-11 21:14:40,673 - NFLDataProcessor - ERROR - Error scraping https://www.pro-football-reference.com/boxscores/201009120nyg.htm: 429 Client Error: Too Many Requests for url: https://www.pro-football-reference.com/boxscores/201009120nyg.htm
2025-01-11 21:14:41,790 - NFLDataProcessor - ERROR - Error scraping https://www.pro-football-reference.com/boxscores/201009120ram.htm: 429 Client Error: Too Many Requests for url: https://www.pro-football-reference.com/boxscores/201009120ram.htm
2025-01-11 21:18:39,907 - NFLDataProcessor - INFO - Processing 267 games for 2010 season
2025-01-11 21:18:40,117 - NFLDataProcessor - ERROR - Error scraping https://www.pro-football-reference.com/boxscores/201009090nor.htm: 429 Client Error: Too Many Requests for url: https://www.pro-football-reference.com/boxscores/201009090nor.htm
2025-01-11 21:18:41,235 - NFLDataProcessor - ERROR - Error scraping https://www.pro-football-reference.com/boxscores/201009120pit.htm: 429 Client Error: Too Many Requests for url: https://www.pro-football-reference.com/boxscores/201009120pit.htm
2025-01-11 21:18:42,357 - NFLDataProcessor - ERROR - Error scraping https://www.pro-football-reference.com/boxscores/201009120buf.htm: 429 Client Error: Too Many Requests for url: https://www.pro-football-reference.com/boxscores/201009120buf.htm
2025-01-11 21:18:43,475 - NFLDataProcessor - ERROR - Error scraping https://www.pro-football-reference.com/boxscores/201009120chi.htm: 429 Client Error: Too Many Requests for url: https://www.pro-football-reference.com/boxscores/201009120chi.htm
2025-01-11 21:18:44,618 - NFLDataProcessor - ERROR - Error scraping https://www.pro-football-reference.com/boxscores/201009120nwe.htm: 429 Client Error: Too Many Requests for url: https://www.pro-football-reference.com/boxscores/201009120nwe.htm
2025-01-11 21:18:45,768 - NFLDataProcessor - ERROR - Error scraping https://www.pro-football-reference.com/boxscores/201009120tam.htm: 429 Client Error: Too Many Requests for url: https://www.pro-football-reference.com/boxscores/201009120tam.htm
